/*C2*/SET SCHEMA PUBLIC
DISCONNECT
/*C8*/SET SCHEMA PUBLIC
DISCONNECT
/*C9*/SET SCHEMA PUBLIC
DISCONNECT
/*C10*/SET SCHEMA PUBLIC
DISCONNECT
/*C16*/SET SCHEMA PUBLIC
DISCONNECT
/*C17*/SET SCHEMA PUBLIC
DISCONNECT
/*C18*/SET SCHEMA PUBLIC
DISCONNECT
/*C19*/SET SCHEMA PUBLIC
INSERT INTO LIQUIDACAO VALUES(50,9,604.6599999999999E0)
COMMIT
DISCONNECT
/*C20*/SET SCHEMA PUBLIC
DELETE FROM CAIXADIARIO WHERE CODIGO=9
INSERT INTO CAIXADIARIO VALUES(9,'2015-06-25',TRUE,10.0E0,1579.4599999999998E0)
COMMIT
DISCONNECT
/*C21*/SET SCHEMA PUBLIC
DELETE FROM CONTA WHERE CODIGO=50
INSERT INTO CONTA VALUES(50,FALSE,604.6599999999999E0,'2015-06-25',53)
COMMIT
DISCONNECT
/*C22*/SET SCHEMA PUBLIC
DISCONNECT
/*C23*/SET SCHEMA PUBLIC
DISCONNECT
/*C24*/SET SCHEMA PUBLIC
DISCONNECT
/*C25*/SET SCHEMA PUBLIC
DISCONNECT
/*C26*/SET SCHEMA PUBLIC
DISCONNECT
/*C33*/SET SCHEMA PUBLIC
DISCONNECT
/*C34*/SET SCHEMA PUBLIC
DISCONNECT
/*C35*/SET SCHEMA PUBLIC
DISCONNECT
